<?xml version="1.0" encoding="UTF-8"?>
<!-- Generated by org.testng.reporters.JUnitReportReporter -->
<testsuite hostname="DESKTOP-UTOAIVJ" failures="0" tests="2" name="New.TestngTest2" time="0.008" errors="0" timestamp="2024-01-31T15:00:27 IST" skipped="0">
  <testcase classname="New.TestngTest2" name="z" time="0.003"/>
  <system-out/>
  <testcase classname="New.TestngTest2" name="f" time="0.005"/>
  <system-out/>
</testsuite> <!-- New.TestngTest2 -->
