<?xml version="1.0" encoding="UTF-8"?>
<!-- Generated by org.testng.reporters.JUnitReportReporter -->
<testsuite hostname="DESKTOP-UTOAIVJ" failures="0" tests="2" name="New.Saving_Account2" time="0.030" errors="0" timestamp="2024-01-31T15:00:27 IST" skipped="0">
  <testcase classname="New.Saving_Account2" name="SavingAccount3" time="0.023"/>
  <system-out/>
  <testcase classname="New.Saving_Account2" name="SavingAccount6" time="0.007"/>
  <system-out/>
</testsuite> <!-- New.Saving_Account2 -->
