<?xml version="1.0" encoding="UTF-8"?>
<!-- Generated by org.testng.reporters.JUnitReportReporter -->
<testsuite hostname="DESKTOP-UTOAIVJ" failures="0" tests="1" name="TestNgAnnotation.Parameter" time="0.034" errors="0" timestamp="2024-02-07T06:04:03 IST" skipped="0">
  <testcase classname="TestNgAnnotation.Parameter" name="Addition" time="0.034"/>
  <system-out/>
</testsuite> <!-- TestNgAnnotation.Parameter -->
