<?xml version="1.0" encoding="UTF-8"?>
<!-- Generated by org.testng.reporters.JUnitReportReporter -->
<testsuite hostname="DESKTOP-UTOAIVJ" failures="0" tests="6" name="New.LoanDepartment" time="0.034" errors="0" timestamp="2024-02-02T16:45:06 IST" skipped="2">
  <testcase classname="New.LoanDepartment" name="MobileLoginCARLoan" time="0.003"/>
  <system-out/>
  <testcase classname="New.LoanDepartment" name="WebLoginCARLoan" time="0.002"/>
  <system-out/>
  <testcase classname="New.LoanDepartment" name="APILoginPersonalLoan" time="0.027"/>
  <system-out/>
  <testcase classname="New.LoanDepartment" name="MobileLoginPersonalLoan" time="0.002"/>
  <system-out/>
  <testcase classname="New.LoanDepartment" name="APILoginCARLoan">
    <skipped/>
  </testcase> <!-- APILoginCARLoan -->
  <system-out/>
  <testcase classname="New.LoanDepartment" name="WebLoginPersonalLoan">
    <skipped/>
  </testcase> <!-- WebLoginPersonalLoan -->
  <system-out/>
</testsuite> <!-- New.LoanDepartment -->
