<?xml version="1.0" encoding="UTF-8"?>
<!-- Generated by org.testng.reporters.JUnitReportReporter -->
<testsuite hostname="DESKTOP-UTOAIVJ" failures="0" tests="3" name="New.LoanDepartment2" time="0.029" errors="0" timestamp="2024-01-31T16:47:55 IST" skipped="0">
  <testcase classname="New.LoanDepartment2" name="WebLoginCARLoan" time="0.004"/>
  <system-out/>
  <testcase classname="New.LoanDepartment2" name="APILoginCARLoan" time="0.021"/>
  <system-out/>
  <testcase classname="New.LoanDepartment2" name="WebLoginPersonalLoan" time="0.004"/>
  <system-out/>
</testsuite> <!-- New.LoanDepartment2 -->
