<?xml version="1.0" encoding="UTF-8"?>
<!-- Generated by org.testng.reporters.JUnitReportReporter -->
<testsuite hostname="DESKTOP-MEPT26D" failures="0" tests="3" name="BatchTesting.ProductPageTest" time="0.026" errors="0" timestamp="2024-02-08T14:36:11 IST" skipped="0">
  <testcase classname="BatchTesting.ProductPageTest" name="AddProductToWishlist" time="0.003"/>
  <system-out/>
  <testcase classname="BatchTesting.ProductPageTest" name="SelectQuantity" time="0.002"/>
  <system-out/>
  <testcase classname="BatchTesting.ProductPageTest" name="AddProductCart" time="0.021"/>
  <system-out/>
</testsuite> <!-- BatchTesting.ProductPageTest -->
