<?xml version="1.0" encoding="UTF-8"?>
<!-- Generated by org.testng.reporters.JUnitReportReporter -->
<testsuite hostname="DESKTOP-MEPT26D" failures="0" tests="2" name="TestNgAnnotation.Annotation" time="0.003" errors="0" timestamp="2024-02-07T23:24:27 IST" skipped="0">
  <testcase classname="TestNgAnnotation.Annotation" name="test1" time="0.002"/>
  <system-out/>
  <testcase classname="TestNgAnnotation.Annotation" name="test2" time="0.001"/>
  <system-out/>
</testsuite> <!-- TestNgAnnotation.Annotation -->
