<?xml version="1.0" encoding="UTF-8"?>
<!-- Generated by org.testng.reporters.JUnitReportReporter -->
<testsuite hostname="DESKTOP-MEPT26D" failures="0" tests="3" name="TestNgAnnotation.DataProviders" time="16.281" errors="0" timestamp="2024-02-07T23:24:27 IST" skipped="0">
  <testcase classname="TestNgAnnotation.DataProviders" name="Testcasegooglesearch" time="10.184"/>
  <system-out/>
  <testcase classname="TestNgAnnotation.DataProviders" name="Testcasegooglesearch" time="3.048"/>
  <system-out/>
  <testcase classname="TestNgAnnotation.DataProviders" name="Testcasegooglesearch" time="3.049"/>
  <system-out/>
</testsuite> <!-- TestNgAnnotation.DataProviders -->
