<?xml version="1.0" encoding="UTF-8"?>
<!-- Generated by org.testng.reporters.JUnitReportReporter -->
<testsuite hostname="DESKTOP-MEPT26D" failures="0" tests="21" name="BatchTesting.HomeScreenTest" time="0.064" errors="0" timestamp="2024-02-08T15:06:12 IST" skipped="0">
  <testcase classname="BatchTesting.HomeScreenTest" name="Verifylogo" time="0.003"/>
  <system-out/>
  <testcase classname="BatchTesting.HomeScreenTest" name="Verifylogo" time="0.003"/>
  <system-out/>
  <testcase classname="BatchTesting.HomeScreenTest" name="launchApplication" time="0.001"/>
  <system-out/>
  <testcase classname="BatchTesting.HomeScreenTest" name="VerifyTitle" time="0.003"/>
  <system-out/>
  <testcase classname="BatchTesting.HomeScreenTest" name="VerifyTitle" time="0.002"/>
  <system-out/>
  <testcase classname="BatchTesting.HomeScreenTest" name="launchApplication" time="0.001"/>
  <system-out/>
  <testcase classname="BatchTesting.HomeScreenTest" name="VerifyTitle" time="0.002"/>
  <system-out/>
  <testcase classname="BatchTesting.HomeScreenTest" name="Verifylogo" time="0.001"/>
  <system-out/>
  <testcase classname="BatchTesting.HomeScreenTest" name="Verifylogo" time="0.001"/>
  <system-out/>
  <testcase classname="BatchTesting.HomeScreenTest" name="launchApplication" time="0.002"/>
  <system-out/>
  <testcase classname="BatchTesting.HomeScreenTest" name="Verifylogo" time="0.001"/>
  <system-out/>
  <testcase classname="BatchTesting.HomeScreenTest" name="VerifyTitle" time="0.019"/>
  <system-out/>
  <testcase classname="BatchTesting.HomeScreenTest" name="VerifyTitle" time="0.009"/>
  <system-out/>
  <testcase classname="BatchTesting.HomeScreenTest" name="Verifylogo" time="0.002"/>
  <system-out/>
  <testcase classname="BatchTesting.HomeScreenTest" name="Verifylogo" time="0.003"/>
  <system-out/>
  <testcase classname="BatchTesting.HomeScreenTest" name="launchApplication" time="0.001"/>
  <system-out/>
  <testcase classname="BatchTesting.HomeScreenTest" name="VerifyTitle" time="0.002"/>
  <system-out/>
  <testcase classname="BatchTesting.HomeScreenTest" name="launchApplication" time="0.004"/>
  <system-out/>
  <testcase classname="BatchTesting.HomeScreenTest" name="VerifyTitle" time="0.002"/>
  <system-out/>
  <testcase classname="BatchTesting.HomeScreenTest" name="launchApplication" time="0.001"/>
  <system-out/>
  <testcase classname="BatchTesting.HomeScreenTest" name="launchApplication" time="0.001"/>
  <system-out/>
</testsuite> <!-- BatchTesting.HomeScreenTest -->
