<?xml version="1.0" encoding="UTF-8"?>
<!-- Generated by org.testng.reporters.JUnitReportReporter -->
<testsuite hostname="DESKTOP-UTOAIVJ" failures="0" tests="6" name="TestNgAnnotation.Parameter2" time="0.038" errors="0" timestamp="2024-02-07T06:04:03 IST" skipped="0">
  <testcase classname="TestNgAnnotation.Parameter2" name="Addition" time="0.007"/>
  <system-out/>
  <testcase classname="TestNgAnnotation.Parameter2" name="Addition" time="0.003"/>
  <system-out/>
  <testcase classname="TestNgAnnotation.Parameter2" name="Multiplication" time="0.006"/>
  <system-out/>
  <testcase classname="TestNgAnnotation.Parameter2" name="Subtraction" time="0.009"/>
  <system-out/>
  <testcase classname="TestNgAnnotation.Parameter2" name="Multiplication" time="0.002"/>
  <system-out/>
  <testcase classname="TestNgAnnotation.Parameter2" name="Subtraction" time="0.011"/>
  <system-out/>
</testsuite> <!-- TestNgAnnotation.Parameter2 -->
