<?xml version="1.0" encoding="UTF-8"?>
<!-- Generated by org.testng.reporters.JUnitReportReporter -->
<testsuite hostname="DESKTOP-UTOAIVJ" failures="0" tests="1" name="New.Testng1Test" time="9.249" errors="0" timestamp="2024-01-31T12:54:42 IST" skipped="0">
  <testcase classname="New.Testng1Test" name="verifyPageTitleTest" time="9.249"/>
  <system-out/>
</testsuite> <!-- New.Testng1Test -->
