<?xml version="1.0" encoding="UTF-8"?>
<!-- Generated by org.testng.reporters.JUnitReportReporter -->
<testsuite hostname="DESKTOP-MEPT26D" failures="0" tests="2" name="BatchTesting.LoginTest" time="0.003" errors="0" timestamp="2024-02-08T14:39:39 IST" skipped="0">
  <testcase classname="BatchTesting.LoginTest" name="LoginByEmailid" time="0.001"/>
  <system-out/>
  <testcase classname="BatchTesting.LoginTest" name="LoginByMobileNumber" time="0.002"/>
  <system-out/>
</testsuite> <!-- BatchTesting.LoginTest -->
