<?xml version="1.0" encoding="UTF-8"?>
<!-- Generated by org.testng.reporters.JUnitReportReporter -->
<testsuite hostname="DESKTOP-MEPT26D" failures="0" tests="5" name="TestNgAnnotation.Groups" time="0.036" errors="0" timestamp="2024-02-07T23:24:27 IST" skipped="0">
  <testcase classname="TestNgAnnotation.Groups" name="Maruti" time="0.006"/>
  <system-out/>
  <testcase classname="TestNgAnnotation.Groups" name="Accenture" time="0.012"/>
  <system-out/>
  <testcase classname="TestNgAnnotation.Groups" name="honda" time="0.003"/>
  <system-out/>
  <testcase classname="TestNgAnnotation.Groups" name="tata" time="0.012"/>
  <system-out/>
  <testcase classname="TestNgAnnotation.Groups" name="infosys" time="0.003"/>
  <system-out/>
</testsuite> <!-- TestNgAnnotation.Groups -->
