<?xml version="1.0" encoding="UTF-8"?>
<!-- Generated by org.testng.reporters.JUnitReportReporter -->
<testsuite hostname="DESKTOP-UTOAIVJ" failures="0" tests="1" name="New.Testng1TestTest2" time="0.029" errors="0" timestamp="2024-01-31T12:47:02 IST" skipped="0">
  <testcase classname="New.Testng1TestTest2" name="f" time="0.029"/>
  <system-out/>
</testsuite> <!-- New.Testng1TestTest2 -->
