<?xml version="1.0" encoding="UTF-8"?>
<!-- Generated by org.testng.reporters.JUnitReportReporter -->
<testsuite hostname="DESKTOP-MEPT26D" failures="0" tests="4" name="TestNgAnnotation.Description" time="0.028" errors="0" timestamp="2024-02-07T23:24:27 IST" skipped="0">
  <testcase classname="TestNgAnnotation.Description" name="test3" time="0.002"/>
  <system-out/>
  <testcase classname="TestNgAnnotation.Description" name="test2" time="0.002"/>
  <system-out/>
  <testcase classname="TestNgAnnotation.Description" name="test4" time="0.002"/>
  <system-out/>
  <testcase classname="TestNgAnnotation.Description" name="test1" time="0.022"/>
  <system-out/>
</testsuite> <!-- TestNgAnnotation.Description -->
