<?xml version="1.0" encoding="UTF-8"?>
<!-- Generated by org.testng.reporters.JUnitReportReporter -->
<testsuite hostname="DESKTOP-UTOAIVJ" failures="0" tests="2" name="New.CurrentAccount1" time="0.004" errors="0" timestamp="2024-01-31T13:20:58 IST" skipped="0">
  <testcase classname="New.CurrentAccount1" name="Current_Account2" time="0.001"/>
  <system-out/>
  <testcase classname="New.CurrentAccount1" name="Current_Account" time="0.003"/>
  <system-out/>
</testsuite> <!-- New.CurrentAccount1 -->
