<?xml version="1.0" encoding="UTF-8"?>
<!-- Generated by org.testng.reporters.JUnitReportReporter -->
<testsuite hostname="DESKTOP-MEPT26D" failures="0" tests="4" name="TestNgAnnotation.Priority" time="0.005" errors="0" timestamp="2024-02-07T23:24:27 IST" skipped="0">
  <testcase classname="TestNgAnnotation.Priority" name="test3" time="0.001"/>
  <system-out/>
  <testcase classname="TestNgAnnotation.Priority" name="test4" time="0.000"/>
  <system-out/>
  <testcase classname="TestNgAnnotation.Priority" name="test2" time="0.003"/>
  <system-out/>
  <testcase classname="TestNgAnnotation.Priority" name="test1" time="0.001"/>
  <system-out/>
</testsuite> <!-- TestNgAnnotation.Priority -->
