<?xml version="1.0" encoding="UTF-8"?>
<!-- Generated by org.testng.reporters.JUnitReportReporter -->
<testsuite hostname="DESKTOP-MEPT26D" failures="0" tests="2" name="TestNgAnnotation.Annotation2" time="0.041" errors="0" timestamp="2024-02-07T23:24:27 IST" skipped="0">
  <testcase classname="TestNgAnnotation.Annotation2" name="test3" time="0.034"/>
  <system-out/>
  <testcase classname="TestNgAnnotation.Annotation2" name="test4" time="0.007"/>
  <system-out/>
</testsuite> <!-- TestNgAnnotation.Annotation2 -->
