<?xml version="1.0" encoding="UTF-8"?>
<!-- Generated by org.testng.reporters.JUnitReportReporter -->
<testsuite hostname="DESKTOP-MEPT26D" failures="0" tests="3" name="TestNgAnnotation.ParallelTestDemo1" time="4.942" errors="0" timestamp="2024-02-07T23:24:27 IST" skipped="0">
  <testcase classname="TestNgAnnotation.ParallelTestDemo1" name="Verifylogo" time="1.614"/>
  <system-out/>
  <testcase classname="TestNgAnnotation.ParallelTestDemo1" name="VerifyTitle" time="1.570"/>
  <system-out/>
  <testcase classname="TestNgAnnotation.ParallelTestDemo1" name="VerifyLoginButton" time="1.758"/>
  <system-out/>
</testsuite> <!-- TestNgAnnotation.ParallelTestDemo1 -->
