<?xml version="1.0" encoding="UTF-8"?>
<!-- Generated by org.testng.reporters.JUnitReportReporter -->
<testsuite hostname="DESKTOP-MEPT26D" failures="0" tests="3" name="TestNgAnnotation.seleniumJava" time="15.704" errors="0" timestamp="2024-02-09T11:05:55 IST" skipped="0">
  <testcase classname="TestNgAnnotation.seleniumJava" name="googlesearch" time="4.302"/>
  <system-out/>
  <testcase classname="TestNgAnnotation.seleniumJava" name="googlesearch" time="8.665"/>
  <system-out/>
  <testcase classname="TestNgAnnotation.seleniumJava" name="googlesearch" time="2.737"/>
  <system-out/>
</testsuite> <!-- TestNgAnnotation.seleniumJava -->
