<?xml version="1.0" encoding="UTF-8"?>
<!-- Generated by org.testng.reporters.JUnitReportReporter -->
<testsuite hostname="DESKTOP-MEPT26D" failures="0" tests="3" name="TestNgAnnotation.ParallelTestDemo2" time="5.265" errors="0" timestamp="2024-02-07T23:24:27 IST" skipped="0">
  <testcase classname="TestNgAnnotation.ParallelTestDemo2" name="VerifyUsername" time="1.983"/>
  <system-out/>
  <testcase classname="TestNgAnnotation.ParallelTestDemo2" name="VerifyPassword" time="1.692"/>
  <system-out/>
  <testcase classname="TestNgAnnotation.ParallelTestDemo2" name="VerifyLoginButton" time="1.590"/>
  <system-out/>
</testsuite> <!-- TestNgAnnotation.ParallelTestDemo2 -->
