<?xml version="1.0" encoding="UTF-8"?>
<!-- Generated by org.testng.reporters.JUnitReportReporter -->
<testsuite hostname="DESKTOP-UTOAIVJ" failures="0" tests="4" name="TestNgAnnotation.Parameter5" time="34.050" errors="0" timestamp="2024-02-07T06:37:41 IST" skipped="0">
  <testcase classname="TestNgAnnotation.Parameter5" name="searchdata" time="7.931"/>
  <system-out/>
  <testcase classname="TestNgAnnotation.Parameter5" name="searchdata" time="8.396"/>
  <system-out/>
  <testcase classname="TestNgAnnotation.Parameter5" name="searchdata" time="9.808"/>
  <system-out/>
  <testcase classname="TestNgAnnotation.Parameter5" name="searchdata" time="7.915"/>
  <system-out/>
</testsuite> <!-- TestNgAnnotation.Parameter5 -->
