<?xml version="1.0" encoding="UTF-8"?>
<!-- Generated by org.testng.reporters.JUnitReportReporter -->
<testsuite hostname="DESKTOP-MEPT26D" failures="0" tests="2" name="BatchTesting.PaymentTest" time="0.006" errors="0" timestamp="2024-02-08T14:39:39 IST" skipped="0">
  <testcase classname="BatchTesting.PaymentTest" name="NetBanking" time="0.003"/>
  <system-out/>
  <testcase classname="BatchTesting.PaymentTest" name="CashOnDelivery" time="0.003"/>
  <system-out/>
</testsuite> <!-- BatchTesting.PaymentTest -->
