<?xml version="1.0" encoding="UTF-8"?>
<!-- Generated by org.testng.reporters.JUnitReportReporter -->
<testsuite hostname="DESKTOP-MEPT26D" failures="0" tests="1" name="ListenerMethods.SoftAssertion1" time="18.903" errors="0" timestamp="2024-02-08T12:27:06 IST" skipped="0">
  <testcase classname="ListenerMethods.SoftAssertion1" name="assertion" time="18.903"/>
  <system-out/>
</testsuite> <!-- ListenerMethods.SoftAssertion1 -->
